#
# There is insufficient memory for the Java Runtime Environment to continue.
# Native memory allocation (malloc) failed to allocate 1048576 bytes. Error detail: AllocateHeap
# Possible reasons:
#   The system is out of physical RAM or swap space
#   This process is running with CompressedOops enabled, and the Java Heap may be blocking the growth of the native heap
# Possible solutions:
#   Reduce memory load on the system
#   Increase physical memory or swap space
#   Check if swap backing store is full
#   Decrease Java heap size (-Xmx/-Xms)
#   Decrease number of Java threads
#   Decrease Java thread stack sizes (-Xss)
#   Set larger code cache with -XX:ReservedCodeCacheSize=
#   JVM is running with Unscaled Compressed Oops mode in which the Java heap is
#     placed in the first 4GB address space. The Java Heap base address is the
#     maximum limit for the native heap growth. Please use -XX:HeapBaseMinAddress
#     to set the Java Heap base and to place the Java Heap above 4GB virtual address.
# This output file may be truncated or incomplete.
#
#  Out of Memory Error (allocation.cpp:44), pid=25972, tid=21804
#
# JRE version: OpenJDK Runtime Environment Temurin-21.0.9+10 (21.0.9+10) (build 21.0.9+10-LTS)
# Java VM: OpenJDK 64-Bit Server VM Temurin-21.0.9+10 (21.0.9+10-LTS, mixed mode, sharing, tiered, compressed oops, compressed class ptrs, parallel gc, windows-amd64)
# No core dump will be written. Minidumps are not enabled by default on client versions of Windows
#

---------------  S U M M A R Y ------------

Command Line: --add-modules=ALL-SYSTEM --add-opens=java.base/java.util=ALL-UNNAMED --add-opens=java.base/java.lang=ALL-UNNAMED --add-opens=java.base/sun.nio.fs=ALL-UNNAMED -Declipse.application=org.eclipse.jdt.ls.core.id1 -Dosgi.bundles.defaultStartLevel=4 -Declipse.product=org.eclipse.jdt.ls.core.product -Djava.import.generatesMetadataFilesAtProjectRoot=false -DDetectVMInstallationsJob.disabled=true -Dfile.encoding=utf8 -XX:+UseParallelGC -XX:GCTimeRatio=4 -XX:AdaptiveSizePolicyWeight=90 -Dsun.zip.disableMemoryMapping=true -Xmx2G -Xms100m -Xlog:disable -javaagent:c:\Users\aidal\.vscode\extensions\redhat.java-1.50.0-win32-x64\lombok\lombok-1.18.39-4050.jar -XX:+HeapDumpOnOutOfMemoryError -XX:HeapDumpPath=c:\Users\aidal\AppData\Roaming\Code\User\workspaceStorage\0e74cf298a9772a7ca8b1d4dc1da2cf3\redhat.java -Daether.dependencyCollector.impl=bf c:\Users\aidal\.vscode\extensions\redhat.java-1.50.0-win32-x64\server\plugins\org.eclipse.equinox.launcher_1.7.100.v20251111-0406.jar -configuration c:\Users\aidal\AppData\Roaming\Code\User\globalStorage\redhat.java\1.50.0\config_win -data c:\Users\aidal\AppData\Roaming\Code\User\workspaceStorage\0e74cf298a9772a7ca8b1d4dc1da2cf3\redhat.java\jdt_ws --pipe=\\.\pipe\lsp-a9925b665e4d1c534b606512bfd7c8a9-sock

Host: Intel(R) Core(TM) i5-1035G1 CPU @ 1.00GHz, 8 cores, 11G,  Windows 11 , 64 bit Build 22621 (10.0.22621.5415)
Time: Tue Feb  3 18:59:04 2026 Hora estándar central (México) elapsed time: 941.265876 seconds (0d 0h 15m 41s)

---------------  T H R E A D  ---------------

Current thread (0x00000278eba45530):  JavaThread "Attach Listener" daemon [_thread_in_vm, id=21804, stack(0x000000faa3a00000,0x000000faa3b00000) (1024K)]

Stack: [0x000000faa3a00000,0x000000faa3b00000]
Native frames: (J=compiled Java code, j=interpreted, Vv=VM code, C=native code)
V  [jvm.dll+0x6d6e29]
V  [jvm.dll+0x8b4b76]
V  [jvm.dll+0x8b712e]
V  [jvm.dll+0x8b7813]
V  [jvm.dll+0x283d86]
V  [jvm.dll+0xc1277]
V  [jvm.dll+0x6d76d9]
V  [jvm.dll+0x133466]
V  [jvm.dll+0x3f7ea6]
V  [jvm.dll+0x85e9ad]
V  [jvm.dll+0x6d565d]
C  [ucrtbase.dll+0x29333]
C  [KERNEL32.DLL+0x1259d]
C  [ntdll.dll+0x5af78]


---------------  P R O C E S S  ---------------

Threads class SMR info:
_java_thread_list=0x00000278f4a3b3e0, length=50, elements={
0x00000278d2db8260, 0x00000278d315b590, 0x00000278d315ce90, 0x00000278eba44210,
0x00000278eba45530, 0x00000278eba48f20, 0x00000278eba4b4d0, 0x00000278eba51af0,
0x00000278eba62780, 0x00000278ed618d50, 0x00000278ed6966c0, 0x00000278f29a8190,
0x00000278f2852dd0, 0x00000278f2b95030, 0x00000278ed4917d0, 0x00000278f27c9d10,
0x00000278f2576e50, 0x00000278ed6e0b00, 0x00000278ed6e1eb0, 0x00000278ed6e0470,
0x00000278ed6e1820, 0x00000278f71753d0, 0x00000278f71746b0, 0x00000278f7175a60,
0x00000278f71760f0, 0x00000278f7173300, 0x00000278f7174020, 0x00000278f7176780,
0x00000278f7174d40, 0x00000278f7176e10, 0x00000278f7178850, 0x00000278f71774a0,
0x00000278f7177b30, 0x00000278f6f36560, 0x00000278f6f3bab0, 0x00000278f6f3c140,
0x00000278f6f3db80, 0x00000278f6f38cc0, 0x00000278f6f3ad90, 0x00000278f6f3c7d0,
0x00000278f6f37280, 0x00000278f6f37910, 0x00000278f6f3ce60, 0x00000278f6f3b420,
0x00000278f6f37fa0, 0x00000278f6f39350, 0x00000278f6f399e0, 0x00000278f6f38630,
0x00000278f6f3a700, 0x00000278f47d6990
}

Java Threads: ( => current thread )
  0x00000278d2db8260 JavaThread "main"                              [_thread_blocked, id=15128, stack(0x000000faa3300000,0x000000faa3400000) (1024K)]
  0x00000278d315b590 JavaThread "Reference Handler"          daemon [_thread_blocked, id=18548, stack(0x000000faa3700000,0x000000faa3800000) (1024K)]
  0x00000278d315ce90 JavaThread "Finalizer"                  daemon [_thread_blocked, id=28492, stack(0x000000faa3800000,0x000000faa3900000) (1024K)]
  0x00000278eba44210 JavaThread "Signal Dispatcher"          daemon [_thread_blocked, id=22008, stack(0x000000faa3900000,0x000000faa3a00000) (1024K)]
=>0x00000278eba45530 JavaThread "Attach Listener"            daemon [_thread_in_vm, id=21804, stack(0x000000faa3a00000,0x000000faa3b00000) (1024K)]
  0x00000278eba48f20 JavaThread "Service Thread"             daemon [_thread_blocked, id=12280, stack(0x000000faa3b00000,0x000000faa3c00000) (1024K)]
  0x00000278eba4b4d0 JavaThread "Monitor Deflation Thread"   daemon [_thread_blocked, id=26804, stack(0x000000faa3c00000,0x000000faa3d00000) (1024K)]
  0x00000278eba51af0 JavaThread "C2 CompilerThread0"         daemon [_thread_blocked, id=3344, stack(0x000000faa3d00000,0x000000faa3e00000) (1024K)]
  0x00000278eba62780 JavaThread "C1 CompilerThread0"         daemon [_thread_blocked, id=8668, stack(0x000000faa3e00000,0x000000faa3f00000) (1024K)]
  0x00000278ed618d50 JavaThread "Common-Cleaner"             daemon [_thread_blocked, id=28472, stack(0x000000faa4000000,0x000000faa4100000) (1024K)]
  0x00000278ed6966c0 JavaThread "Notification Thread"        daemon [_thread_blocked, id=29180, stack(0x000000faa3f00000,0x000000faa4000000) (1024K)]
  0x00000278f29a8190 JavaThread "Active Thread: Equinox Container: 5ab192cf-4584-4399-a876-b6265acbb722"        [_thread_blocked, id=13160, stack(0x000000faa4100000,0x000000faa4200000) (1024K)]
  0x00000278f2852dd0 JavaThread "Refresh Thread: Equinox Container: 5ab192cf-4584-4399-a876-b6265acbb722" daemon [_thread_blocked, id=12200, stack(0x000000faa4800000,0x000000faa4900000) (1024K)]
  0x00000278f2b95030 JavaThread "Framework Event Dispatcher: Equinox Container: 5ab192cf-4584-4399-a876-b6265acbb722" daemon [_thread_blocked, id=27652, stack(0x000000faa4a00000,0x000000faa4b00000) (1024K)]
  0x00000278ed4917d0 JavaThread "Start Level: Equinox Container: 5ab192cf-4584-4399-a876-b6265acbb722" daemon [_thread_blocked, id=12816, stack(0x000000faa4b00000,0x000000faa4c00000) (1024K)]
  0x00000278f27c9d10 JavaThread "Bundle File Closer"         daemon [_thread_blocked, id=17936, stack(0x000000faa4d00000,0x000000faa4e00000) (1024K)]
  0x00000278f2576e50 JavaThread "SCR Component Actor"        daemon [_thread_blocked, id=1572, stack(0x000000faa3100000,0x000000faa3200000) (1024K)]
  0x00000278ed6e0b00 JavaThread "Worker-JM"                         [_thread_blocked, id=28080, stack(0x000000faa4c00000,0x000000faa4d00000) (1024K)]
  0x00000278ed6e1eb0 JavaThread "Java indexing"              daemon [_thread_blocked, id=24792, stack(0x000000faa5100000,0x000000faa5200000) (1024K)]
  0x00000278ed6e0470 JavaThread "Worker-2"                          [_thread_blocked, id=16052, stack(0x000000faa5200000,0x000000faa5300000) (1024K)]
  0x00000278ed6e1820 JavaThread "JNA Cleaner"                daemon [_thread_blocked, id=15352, stack(0x000000faa5500000,0x000000faa5600000) (1024K)]
  0x00000278f71753d0 JavaThread "Thread-1"                   daemon [_thread_in_native, id=23348, stack(0x000000faa5800000,0x000000faa5900000) (1024K)]
  0x00000278f71746b0 JavaThread "Thread-2"                   daemon [_thread_in_native, id=24820, stack(0x000000faa5900000,0x000000faa5a00000) (1024K)]
  0x00000278f7175a60 JavaThread "Thread-3"                   daemon [_thread_in_native, id=25504, stack(0x000000faa5a00000,0x000000faa5b00000) (1024K)]
  0x00000278f71760f0 JavaThread "Thread-4"                   daemon [_thread_in_native, id=17900, stack(0x000000faa5b00000,0x000000faa5c00000) (1024K)]
  0x00000278f7173300 JavaThread "Thread-5"                   daemon [_thread_in_native, id=15232, stack(0x000000faa5c00000,0x000000faa5d00000) (1024K)]
  0x00000278f7174020 JavaThread "Thread-6"                   daemon [_thread_in_native, id=28264, stack(0x000000faa5d00000,0x000000faa5e00000) (1024K)]
  0x00000278f7176780 JavaThread "Thread-7"                   daemon [_thread_in_native, id=23632, stack(0x000000faa5e00000,0x000000faa5f00000) (1024K)]
  0x00000278f7174d40 JavaThread "Thread-8"                   daemon [_thread_in_native, id=29032, stack(0x000000faa5f00000,0x000000faa6000000) (1024K)]
  0x00000278f7176e10 JavaThread "Thread-9"                   daemon [_thread_in_native, id=29436, stack(0x000000faa6000000,0x000000faa6100000) (1024K)]
  0x00000278f7178850 JavaThread "pool-2-thread-1"                   [_thread_blocked, id=23860, stack(0x000000faa6100000,0x000000faa6200000) (1024K)]
  0x00000278f71774a0 JavaThread "WorkspaceEventsHandler"            [_thread_blocked, id=24464, stack(0x000000faa6200000,0x000000faa6300000) (1024K)]
  0x00000278f7177b30 JavaThread "pool-1-thread-1"                   [_thread_blocked, id=24184, stack(0x000000faa6300000,0x000000faa6400000) (1024K)]
  0x00000278f6f36560 JavaThread "Worker-6"                          [_thread_blocked, id=27132, stack(0x000000faa5300000,0x000000faa5400000) (1024K)]
  0x00000278f6f3bab0 JavaThread "ForkJoinPool.commonPool-worker-8" daemon [_thread_blocked, id=25372, stack(0x000000faa3000000,0x000000faa3100000) (1024K)]
  0x00000278f6f3c140 JavaThread "Compiler Source File Reader" daemon [_thread_blocked, id=29076, stack(0x000000faa3200000,0x000000faa3300000) (1024K)]
  0x00000278f6f3db80 JavaThread "Compiler Processing Task"   daemon [_thread_blocked, id=20660, stack(0x000000faa4e00000,0x000000faa4f00000) (1024K)]
  0x00000278f6f38cc0 JavaThread "Worker-7"                          [_thread_blocked, id=26868, stack(0x000000faa4f00000,0x000000faa5000000) (1024K)]
  0x00000278f6f3ad90 JavaThread "ForkJoinPool.commonPool-worker-9" daemon [_thread_blocked, id=22760, stack(0x000000faa5000000,0x000000faa5100000) (1024K)]
  0x00000278f6f3c7d0 JavaThread "ForkJoinPool.commonPool-worker-10" daemon [_thread_blocked, id=26832, stack(0x000000faa5400000,0x000000faa5500000) (1024K)]
  0x00000278f6f37280 JavaThread "ForkJoinPool.commonPool-worker-11" daemon [_thread_blocked, id=4584, stack(0x000000faa5700000,0x000000faa5800000) (1024K)]
  0x00000278f6f37910 JavaThread "ForkJoinPool.commonPool-worker-12" daemon [_thread_blocked, id=13876, stack(0x000000faa6400000,0x000000faa6500000) (1024K)]
  0x00000278f6f3ce60 JavaThread "ForkJoinPool.commonPool-worker-13" daemon [_thread_blocked, id=21368, stack(0x000000faa6700000,0x000000faa6800000) (1024K)]
  0x00000278f6f3b420 JavaThread "ForkJoinPool.commonPool-worker-14" daemon [_thread_blocked, id=23992, stack(0x000000faa6800000,0x000000faa6900000) (1024K)]
  0x00000278f6f37fa0 JavaThread "Compiler Source File Reader" daemon [_thread_blocked, id=19052, stack(0x000000faa5600000,0x000000faa5700000) (1024K)]
  0x00000278f6f39350 JavaThread "Worker-8"                          [_thread_blocked, id=7368, stack(0x000000faa6600000,0x000000faa6700000) (1024K)]
  0x00000278f6f399e0 JavaThread "Cleaner-0"                  daemon [_thread_blocked, id=29368, stack(0x000000faa6a00000,0x000000faa6b00000) (1024K)]
  0x00000278f6f38630 JavaThread "Compiler Source File Reader" daemon [_thread_blocked, id=10940, stack(0x000000faa6500000,0x000000faa6600000) (1024K)]
  0x00000278f6f3a700 JavaThread "Compiler Source File Reader" daemon [_thread_blocked, id=13060, stack(0x000000faa6900000,0x000000faa6a00000) (1024K)]
  0x00000278f47d6990 JavaThread "Compiler Source File Reader" daemon [_thread_blocked, id=3700, stack(0x000000faa6b00000,0x000000faa6c00000) (1024K)]
Total: 50

Other Threads:
  0x00000278eba434b0 VMThread "VM Thread"                           [id=27152, stack(0x000000faa3600000,0x000000faa3700000) (1024K)]
  0x00000278d310f210 WatcherThread "VM Periodic Task Thread"        [id=29004, stack(0x000000faa3500000,0x000000faa3600000) (1024K)]
  0x00000278d30c1fc0 WorkerThread "GC Thread#0"                     [id=28260, stack(0x000000faa3400000,0x000000faa3500000) (1024K)]
  0x00000278f239f070 WorkerThread "GC Thread#1"                     [id=14392, stack(0x000000faa4200000,0x000000faa4300000) (1024K)]
  0x00000278f27f27b0 WorkerThread "GC Thread#2"                     [id=14224, stack(0x000000faa4300000,0x000000faa4400000) (1024K)]
  0x00000278f27f2b50 WorkerThread "GC Thread#3"                     [id=25424, stack(0x000000faa4400000,0x000000faa4500000) (1024K)]
  0x00000278f26cb710 WorkerThread "GC Thread#4"                     [id=12696, stack(0x000000faa4500000,0x000000faa4600000) (1024K)]
  0x00000278f26cbab0 WorkerThread "GC Thread#5"                     [id=20384, stack(0x000000faa4600000,0x000000faa4700000) (1024K)]
  0x00000278f24842c0 WorkerThread "GC Thread#6"                     [id=22040, stack(0x000000faa4700000,0x000000faa4800000) (1024K)]
  0x00000278eba52cd0 WorkerThread "GC Thread#7"                     [id=27964, stack(0x000000faa4900000,0x000000faa4a00000) (1024K)]
Total: 10

Threads with active compile tasks:
Total: 0

VM state: not at safepoint (normal execution)

VM Mutex/Monitor currently owned by a thread: None

Heap address: 0x0000000080000000, size: 2048 MB, Compressed Oops mode: 32-bit

CDS archive(s) mapped at: [0x0000027880000000-0x0000027880ba0000-0x0000027880ba0000), size 12189696, SharedBaseAddress: 0x0000027880000000, ArchiveRelocationMode: 1.
Compressed class space mapped at: 0x0000027881000000-0x00000278c1000000, reserved size: 1073741824
Narrow klass base: 0x0000027880000000, Narrow klass shift: 0, Narrow klass range: 0x100000000

GC Precious Log:
 CardTable entry size: 512
 CPUs: 8 total, 8 available
 Memory: 12030M
 Large Page Support: Disabled
 NUMA Support: Disabled
 Compressed Oops: Enabled (32-bit)
 Alignments: Space 512K, Generation 512K, Heap 2M
 Heap Min Capacity: 100M
 Heap Initial Capacity: 100M
 Heap Max Capacity: 2G
 Pre-touch: Disabled
 Parallel Workers: 8

Heap:
 PSYoungGen      total 5632K, used 1918K [0x00000000d5580000, 0x00000000d5d00000, 0x0000000100000000)
  eden space 4608K, 36% used [0x00000000d5580000,0x00000000d5722748,0x00000000d5a00000)
  from space 1024K, 23% used [0x00000000d5b00000,0x00000000d5b3d200,0x00000000d5c00000)
  to   space 512K, 0% used [0x00000000d5c80000,0x00000000d5c80000,0x00000000d5d00000)
 ParOldGen       total 1175040K, used 1174625K [0x0000000080000000, 0x00000000c7b80000, 0x00000000d5580000)
  object space 1175040K, 99% used [0x0000000080000000,0x00000000c7b18760,0x00000000c7b80000)
 Metaspace       used 78220K, committed 79808K, reserved 1179648K
  class space    used 8330K, committed 9024K, reserved 1048576K

Card table byte_map: [0x00000278e6d90000,0x00000278e71a0000] _byte_map_base: 0x00000278e6990000

Marking Bits: (ParMarkBitMap*) 0x00007ff918392460
 Begin Bits: [0x00000278e7450000, 0x00000278e9450000)
 End Bits:   [0x00000278e9450000, 0x00000278eb450000)

Polling page: 0x00000278d3160000

Metaspace:

Usage:
  Non-class:     68.25 MB used.
      Class:      8.13 MB used.
       Both:     76.39 MB used.

Virtual space:
  Non-class space:      128.00 MB reserved,      69.12 MB ( 54%) committed,  2 nodes.
      Class space:        1.00 GB reserved,       8.81 MB ( <1%) committed,  1 nodes.
             Both:        1.12 GB reserved,      77.94 MB (  7%) committed. 

Chunk freelists:
   Non-Class:  10.69 MB
       Class:  7.23 MB
        Both:  17.92 MB

MaxMetaspaceSize: unlimited
CompressedClassSpaceSize: 1.00 GB
Initial GC threshold: 21.00 MB
Current GC threshold: 97.31 MB
CDS: on
 - commit_granule_bytes: 65536.
 - commit_granule_words: 8192.
 - virtual_space_node_default_size: 8388608.
 - enlarge_chunks_in_place: 1.
 - use_allocation_guard: 0.


Internal statistics:

num_allocs_failed_limit: 9.
num_arena_births: 1252.
num_arena_deaths: 22.
num_vsnodes_births: 3.
num_vsnodes_deaths: 0.
num_space_committed: 1247.
num_space_uncommitted: 0.
num_chunks_returned_to_freelist: 34.
num_chunks_taken_from_freelist: 4704.
num_chunk_merges: 12.
num_chunk_splits: 2911.
num_chunks_enlarged: 1686.
num_inconsistent_stats: 0.

CodeHeap 'non-profiled nmethods': size=120000Kb used=13668Kb max_used=13668Kb free=106331Kb
 bounds [0x00000278df670000, 0x00000278e03d0000, 0x00000278e6ba0000]
CodeHeap 'profiled nmethods': size=120000Kb used=33455Kb max_used=33455Kb free=86544Kb
 bounds [0x00000278d7ba0000, 0x00000278d9c50000, 0x00000278df0d0000]
CodeHeap 'non-nmethods': size=5760Kb used=1507Kb max_used=1573Kb free=4252Kb
 bounds [0x00000278df0d0000, 0x00000278df340000, 0x00000278df670000]
CodeCache: size=245760Kb, used=48630Kb, max_used=48696Kb, free=197127Kb
 total_blobs=15307, nmethods=14488, adapters=724, full_count=0
Compilation: enabled, stopped_count=0, restarted_count=0

Compilation events (20 events):
Event: 939.272 Thread 0x00000278eba62780 nmethod 15257 0x00000278d9c3ab90 code [0x00000278d9c3ae20, 0x00000278d9c3bad8]
Event: 939.272 Thread 0x00000278eba62780 15258       3       org.eclipse.jdt.internal.compiler.lookup.SplitPackageBinding::combineWithSiblings (143 bytes)
Event: 939.274 Thread 0x00000278eba62780 nmethod 15258 0x00000278d9c3bf10 code [0x00000278d9c3c200, 0x00000278d9c3d588]
Event: 939.279 Thread 0x00000278eba62780 15259       3       org.eclipse.jdt.internal.core.util.Util::isExcluded (39 bytes)
Event: 939.280 Thread 0x00000278eba62780 nmethod 15259 0x00000278d9c3dc90 code [0x00000278d9c3dec0, 0x00000278d9c3e558]
Event: 939.283 Thread 0x00000278eba62780 15260   !   3       org.eclipse.jdt.internal.core.NameLookup::findType (673 bytes)
Event: 939.287 Thread 0x00000278eba51af0 nmethod 15251 0x00000278e03ba710 code [0x00000278e03ba9c0, 0x00000278e03bb520]
Event: 939.287 Thread 0x00000278eba51af0 15252       4       org.eclipse.jdt.internal.compiler.classfmt.ModuleInfo::readModuleAttribute (1166 bytes)
Event: 939.294 Thread 0x00000278eba62780 nmethod 15260 0x00000278d9c3e810 code [0x00000278d9c3f3a0, 0x00000278d9c47260]
Event: 939.295 Thread 0x00000278eba62780 15262       3       java.util.stream.Collectors$$Lambda/0x00000278810cf280::accept (14 bytes)
Event: 939.295 Thread 0x00000278eba62780 nmethod 15262 0x00000278d9c4a090 code [0x00000278d9c4a280, 0x00000278d9c4a850]
Event: 939.295 Thread 0x00000278eba62780 15263       3       org.eclipse.jdt.internal.compiler.codegen.CharArrayCache::putIfAbsent (102 bytes)
Event: 939.296 Thread 0x00000278eba62780 nmethod 15263 0x00000278d9c4aa90 code [0x00000278d9c4aca0, 0x00000278d9c4b2c8]
Event: 939.296 Thread 0x00000278eba62780 15261       3       org.eclipse.jdt.internal.compiler.parser.ScannerHelper::isLowerCase (27 bytes)
Event: 939.296 Thread 0x00000278eba62780 nmethod 15261 0x00000278d9c4b610 code [0x00000278d9c4b800, 0x00000278d9c4bba8]
Event: 939.845 Thread 0x00000278eba51af0 nmethod 15252 0x00000278e03bbe10 code [0x00000278e03bc480, 0x00000278e03c47f0]
Event: 939.846 Thread 0x00000278eba51af0 15253       4       org.eclipse.jdt.internal.compiler.util.ObjectVector::add (61 bytes)
Event: 939.852 Thread 0x00000278eba51af0 nmethod 15253 0x00000278e03c7a10 code [0x00000278e03c7bc0, 0x00000278e03c7f20]
Event: 939.852 Thread 0x00000278eba51af0 15254       4       org.eclipse.core.internal.resources.Workspace::newResource (168 bytes)
Event: 939.869 Thread 0x00000278eba51af0 nmethod 15254 0x00000278e03c8090 code [0x00000278e03c8300, 0x00000278e03c8ae8]

GC Heap History (20 events):
Event: 938.011 GC heap before
{Heap before GC invocations=1561 (full 3):
 PSYoungGen      total 2560K, used 2125K [0x00000000d5580000, 0x00000000d5d00000, 0x0000000100000000)
  eden space 1024K, 100% used [0x00000000d5580000,0x00000000d5680000,0x00000000d5680000)
  from space 1536K, 71% used [0x00000000d5680000,0x00000000d5793438,0x00000000d5800000)
  to   space 2560K, 0% used [0x00000000d5a80000,0x00000000d5a80000,0x00000000d5d00000)
 ParOldGen       total 1160192K, used 1160066K [0x0000000080000000, 0x00000000c6d00000, 0x00000000d5580000)
  object space 1160192K, 99% used [0x0000000080000000,0x00000000c6ce0ab0,0x00000000c6d00000)
 Metaspace       used 78168K, committed 79744K, reserved 1179648K
  class space    used 8330K, committed 9024K, reserved 1048576K
}
Event: 938.014 GC heap after
{Heap after GC invocations=1561 (full 3):
 PSYoungGen      total 3072K, used 1088K [0x00000000d5580000, 0x00000000d5c00000, 0x0000000100000000)
  eden space 1536K, 0% used [0x00000000d5580000,0x00000000d5580000,0x00000000d5700000)
  from space 1536K, 70% used [0x00000000d5a80000,0x00000000d5b90398,0x00000000d5c00000)
  to   space 1536K, 0% used [0x00000000d5900000,0x00000000d5900000,0x00000000d5a80000)
 ParOldGen       total 1161216K, used 1161059K [0x0000000080000000, 0x00000000c6e00000, 0x00000000d5580000)
  object space 1161216K, 99% used [0x0000000080000000,0x00000000c6dd8f70,0x00000000c6e00000)
 Metaspace       used 78168K, committed 79744K, reserved 1179648K
  class space    used 8330K, committed 9024K, reserved 1048576K
}
Event: 938.031 GC heap before
{Heap before GC invocations=1562 (full 3):
 PSYoungGen      total 3072K, used 2618K [0x00000000d5580000, 0x00000000d5c00000, 0x0000000100000000)
  eden space 1536K, 99% used [0x00000000d5580000,0x00000000d56fe828,0x00000000d5700000)
  from space 1536K, 70% used [0x00000000d5a80000,0x00000000d5b90398,0x00000000d5c00000)
  to   space 1536K, 0% used [0x00000000d5900000,0x00000000d5900000,0x00000000d5a80000)
 ParOldGen       total 1161216K, used 1161059K [0x0000000080000000, 0x00000000c6e00000, 0x00000000d5580000)
  object space 1161216K, 99% used [0x0000000080000000,0x00000000c6dd8f70,0x00000000c6e00000)
 Metaspace       used 78168K, committed 79744K, reserved 1179648K
  class space    used 8330K, committed 9024K, reserved 1048576K
}
Event: 938.036 GC heap after
{Heap after GC invocations=1562 (full 3):
 PSYoungGen      total 3584K, used 1512K [0x00000000d5580000, 0x00000000d5d80000, 0x0000000100000000)
  eden space 2048K, 0% used [0x00000000d5580000,0x00000000d5580000,0x00000000d5780000)
  from space 1536K, 98% used [0x00000000d5900000,0x00000000d5a7a2a0,0x00000000d5a80000)
  to   space 3072K, 0% used [0x00000000d5a80000,0x00000000d5a80000,0x00000000d5d80000)
 ParOldGen       total 1162240K, used 1162125K [0x0000000080000000, 0x00000000c6f00000, 0x00000000d5580000)
  object space 1162240K, 99% used [0x0000000080000000,0x00000000c6ee3770,0x00000000c6f00000)
 Metaspace       used 78168K, committed 79744K, reserved 1179648K
  class space    used 8330K, committed 9024K, reserved 1048576K
}
Event: 938.041 GC heap before
{Heap before GC invocations=1563 (full 3):
 PSYoungGen      total 3584K, used 3560K [0x00000000d5580000, 0x00000000d5d80000, 0x0000000100000000)
  eden space 2048K, 100% used [0x00000000d5580000,0x00000000d5780000,0x00000000d5780000)
  from space 1536K, 98% used [0x00000000d5900000,0x00000000d5a7a2a0,0x00000000d5a80000)
  to   space 3072K, 0% used [0x00000000d5a80000,0x00000000d5a80000,0x00000000d5d80000)
 ParOldGen       total 1162240K, used 1162125K [0x0000000080000000, 0x00000000c6f00000, 0x00000000d5580000)
  object space 1162240K, 99% used [0x0000000080000000,0x00000000c6ee3770,0x00000000c6f00000)
 Metaspace       used 78168K, committed 79744K, reserved 1179648K
  class space    used 8330K, committed 9024K, reserved 1048576K
}
Event: 938.056 GC heap after
{Heap after GC invocations=1563 (full 3):
 PSYoungGen      total 5120K, used 2141K [0x00000000d5580000, 0x00000000d5d00000, 0x0000000100000000)
  eden space 2560K, 0% used [0x00000000d5580000,0x00000000d5580000,0x00000000d5800000)
  from space 2560K, 83% used [0x00000000d5a80000,0x00000000d5c97568,0x00000000d5d00000)
  to   space 2560K, 0% used [0x00000000d5800000,0x00000000d5800000,0x00000000d5a80000)
 ParOldGen       total 1163776K, used 1163588K [0x0000000080000000, 0x00000000c7080000, 0x00000000d5580000)
  object space 1163776K, 99% used [0x0000000080000000,0x00000000c7051080,0x00000000c7080000)
 Metaspace       used 78168K, committed 79744K, reserved 1179648K
  class space    used 8330K, committed 9024K, reserved 1048576K
}
Event: 938.062 GC heap before
{Heap before GC invocations=1564 (full 3):
 PSYoungGen      total 5120K, used 4673K [0x00000000d5580000, 0x00000000d5d00000, 0x0000000100000000)
  eden space 2560K, 98% used [0x00000000d5580000,0x00000000d57f8f88,0x00000000d5800000)
  from space 2560K, 83% used [0x00000000d5a80000,0x00000000d5c97568,0x00000000d5d00000)
  to   space 2560K, 0% used [0x00000000d5800000,0x00000000d5800000,0x00000000d5a80000)
 ParOldGen       total 1163776K, used 1163588K [0x0000000080000000, 0x00000000c7080000, 0x00000000d5580000)
  object space 1163776K, 99% used [0x0000000080000000,0x00000000c7051080,0x00000000c7080000)
 Metaspace       used 78168K, committed 79744K, reserved 1179648K
  class space    used 8330K, committed 9024K, reserved 1048576K
}
Event: 938.066 GC heap after
{Heap after GC invocations=1564 (full 3):
 PSYoungGen      total 5120K, used 2549K [0x00000000d5580000, 0x00000000d6280000, 0x0000000100000000)
  eden space 2560K, 0% used [0x00000000d5580000,0x00000000d5580000,0x00000000d5800000)
  from space 2560K, 99% used [0x00000000d5800000,0x00000000d5a7d6c0,0x00000000d5a80000)
  to   space 5120K, 0% used [0x00000000d5d80000,0x00000000d5d80000,0x00000000d6280000)
 ParOldGen       total 1165824K, used 1165637K [0x0000000080000000, 0x00000000c7280000, 0x00000000d5580000)
  object space 1165824K, 99% used [0x0000000080000000,0x00000000c7251668,0x00000000c7280000)
 Metaspace       used 78168K, committed 79744K, reserved 1179648K
  class space    used 8330K, committed 9024K, reserved 1048576K
}
Event: 938.087 GC heap before
{Heap before GC invocations=1565 (full 3):
 PSYoungGen      total 5120K, used 5109K [0x00000000d5580000, 0x00000000d6280000, 0x0000000100000000)
  eden space 2560K, 100% used [0x00000000d5580000,0x00000000d5800000,0x00000000d5800000)
  from space 2560K, 99% used [0x00000000d5800000,0x00000000d5a7d6c0,0x00000000d5a80000)
  to   space 5120K, 0% used [0x00000000d5d80000,0x00000000d5d80000,0x00000000d6280000)
 ParOldGen       total 1165824K, used 1165637K [0x0000000080000000, 0x00000000c7280000, 0x00000000d5580000)
  object space 1165824K, 99% used [0x0000000080000000,0x00000000c7251668,0x00000000c7280000)
 Metaspace       used 78171K, committed 79744K, reserved 1179648K
  class space    used 8330K, committed 9024K, reserved 1048576K
}
Event: 938.091 GC heap after
{Heap after GC invocations=1565 (full 3):
 PSYoungGen      total 5632K, used 2364K [0x00000000d5580000, 0x00000000d6000000, 0x0000000100000000)
  eden space 3072K, 0% used [0x00000000d5580000,0x00000000d5580000,0x00000000d5880000)
  from space 2560K, 92% used [0x00000000d5d80000,0x00000000d5fcf1a0,0x00000000d6000000)
  to   space 3584K, 0% used [0x00000000d5900000,0x00000000d5900000,0x00000000d5c80000)
 ParOldGen       total 1168384K, used 1168129K [0x0000000080000000, 0x00000000c7500000, 0x00000000d5580000)
  object space 1168384K, 99% used [0x0000000080000000,0x00000000c74c0520,0x00000000c7500000)
 Metaspace       used 78171K, committed 79744K, reserved 1179648K
  class space    used 8330K, committed 9024K, reserved 1048576K
}
Event: 938.116 GC heap before
{Heap before GC invocations=1566 (full 3):
 PSYoungGen      total 5632K, used 5160K [0x00000000d5580000, 0x00000000d6000000, 0x0000000100000000)
  eden space 3072K, 91% used [0x00000000d5580000,0x00000000d583ae70,0x00000000d5880000)
  from space 2560K, 92% used [0x00000000d5d80000,0x00000000d5fcf1a0,0x00000000d6000000)
  to   space 3584K, 0% used [0x00000000d5900000,0x00000000d5900000,0x00000000d5c80000)
 ParOldGen       total 1168384K, used 1168129K [0x0000000080000000, 0x00000000c7500000, 0x00000000d5580000)
  object space 1168384K, 99% used [0x0000000080000000,0x00000000c74c0520,0x00000000c7500000)
 Metaspace       used 78176K, committed 79744K, reserved 1179648K
  class space    used 8330K, committed 9024K, reserved 1048576K
}
Event: 938.119 GC heap after
{Heap after GC invocations=1566 (full 3):
 PSYoungGen      total 6144K, used 2272K [0x00000000d5580000, 0x00000000d5e80000, 0x0000000100000000)
  eden space 3584K, 0% used [0x00000000d5580000,0x00000000d5580000,0x00000000d5900000)
  from space 2560K, 88% used [0x00000000d5900000,0x00000000d5b38000,0x00000000d5b80000)
  to   space 2560K, 0% used [0x00000000d5c00000,0x00000000d5c00000,0x00000000d5e80000)
 ParOldGen       total 1170432K, used 1170145K [0x0000000080000000, 0x00000000c7700000, 0x00000000d5580000)
  object space 1170432K, 99% used [0x0000000080000000,0x00000000c76b8520,0x00000000c7700000)
 Metaspace       used 78176K, committed 79744K, reserved 1179648K
  class space    used 8330K, committed 9024K, reserved 1048576K
}
Event: 938.150 GC heap before
{Heap before GC invocations=1567 (full 3):
 PSYoungGen      total 6144K, used 5278K [0x00000000d5580000, 0x00000000d5e80000, 0x0000000100000000)
  eden space 3584K, 83% used [0x00000000d5580000,0x00000000d586fa80,0x00000000d5900000)
  from space 2560K, 88% used [0x00000000d5900000,0x00000000d5b38000,0x00000000d5b80000)
  to   space 2560K, 0% used [0x00000000d5c00000,0x00000000d5c00000,0x00000000d5e80000)
 ParOldGen       total 1170432K, used 1170145K [0x0000000080000000, 0x00000000c7700000, 0x00000000d5580000)
  object space 1170432K, 99% used [0x0000000080000000,0x00000000c76b8520,0x00000000c7700000)
 Metaspace       used 78180K, committed 79744K, reserved 1179648K
  class space    used 8330K, committed 9024K, reserved 1048576K
}
Event: 938.170 GC heap after
{Heap after GC invocations=1567 (full 3):
 PSYoungGen      total 6656K, used 1776K [0x00000000d5580000, 0x00000000d5e00000, 0x0000000100000000)
  eden space 4608K, 0% used [0x00000000d5580000,0x00000000d5580000,0x00000000d5a00000)
  from space 2048K, 86% used [0x00000000d5c00000,0x00000000d5dbc000,0x00000000d5e00000)
  to   space 2048K, 0% used [0x00000000d5a00000,0x00000000d5a00000,0x00000000d5c00000)
 ParOldGen       total 1172480K, used 1172013K [0x0000000080000000, 0x00000000c7900000, 0x00000000d5580000)
  object space 1172480K, 99% used [0x0000000080000000,0x00000000c788b530,0x00000000c7900000)
 Metaspace       used 78180K, committed 79744K, reserved 1179648K
  class space    used 8330K, committed 9024K, reserved 1048576K
}
Event: 938.276 GC heap before
{Heap before GC invocations=1568 (full 3):
 PSYoungGen      total 6656K, used 6384K [0x00000000d5580000, 0x00000000d5e00000, 0x0000000100000000)
  eden space 4608K, 100% used [0x00000000d5580000,0x00000000d5a00000,0x00000000d5a00000)
  from space 2048K, 86% used [0x00000000d5c00000,0x00000000d5dbc000,0x00000000d5e00000)
  to   space 2048K, 0% used [0x00000000d5a00000,0x00000000d5a00000,0x00000000d5c00000)
 ParOldGen       total 1172480K, used 1172013K [0x0000000080000000, 0x00000000c7900000, 0x00000000d5580000)
  object space 1172480K, 99% used [0x0000000080000000,0x00000000c788b530,0x00000000c7900000)
 Metaspace       used 78188K, committed 79744K, reserved 1179648K
  class space    used 8330K, committed 9024K, reserved 1048576K
}
Event: 938.280 GC heap after
{Heap after GC invocations=1568 (full 3):
 PSYoungGen      total 6656K, used 1172K [0x00000000d5580000, 0x00000000d5e00000, 0x0000000100000000)
  eden space 4608K, 0% used [0x00000000d5580000,0x00000000d5580000,0x00000000d5a00000)
  from space 2048K, 57% used [0x00000000d5a00000,0x00000000d5b25200,0x00000000d5c00000)
  to   space 1536K, 0% used [0x00000000d5c80000,0x00000000d5c80000,0x00000000d5e00000)
 ParOldGen       total 1173504K, used 1173317K [0x0000000080000000, 0x00000000c7a00000, 0x00000000d5580000)
  object space 1173504K, 99% used [0x0000000080000000,0x00000000c79d1530,0x00000000c7a00000)
 Metaspace       used 78188K, committed 79744K, reserved 1179648K
  class space    used 8330K, committed 9024K, reserved 1048576K
}
Event: 938.813 GC heap before
{Heap before GC invocations=1569 (full 3):
 PSYoungGen      total 6656K, used 5780K [0x00000000d5580000, 0x00000000d5e00000, 0x0000000100000000)
  eden space 4608K, 100% used [0x00000000d5580000,0x00000000d5a00000,0x00000000d5a00000)
  from space 2048K, 57% used [0x00000000d5a00000,0x00000000d5b25200,0x00000000d5c00000)
  to   space 1536K, 0% used [0x00000000d5c80000,0x00000000d5c80000,0x00000000d5e00000)
 ParOldGen       total 1173504K, used 1173317K [0x0000000080000000, 0x00000000c7a00000, 0x00000000d5580000)
  object space 1173504K, 99% used [0x0000000080000000,0x00000000c79d1530,0x00000000c7a00000)
 Metaspace       used 78193K, committed 79808K, reserved 1179648K
  class space    used 8330K, committed 9024K, reserved 1048576K
}
Event: 938.817 GC heap after
{Heap after GC invocations=1569 (full 3):
 PSYoungGen      total 5120K, used 474K [0x00000000d5580000, 0x00000000d5d00000, 0x0000000100000000)
  eden space 4608K, 0% used [0x00000000d5580000,0x00000000d5580000,0x00000000d5a00000)
  from space 512K, 92% used [0x00000000d5c80000,0x00000000d5cf6920,0x00000000d5d00000)
  to   space 1024K, 0% used [0x00000000d5b00000,0x00000000d5b00000,0x00000000d5c00000)
 ParOldGen       total 1174528K, used 1174261K [0x0000000080000000, 0x00000000c7b00000, 0x00000000d5580000)
  object space 1174528K, 99% used [0x0000000080000000,0x00000000c7abd530,0x00000000c7b00000)
 Metaspace       used 78193K, committed 79808K, reserved 1179648K
  class space    used 8330K, committed 9024K, reserved 1048576K
}
Event: 939.275 GC heap before
{Heap before GC invocations=1570 (full 3):
 PSYoungGen      total 5120K, used 5082K [0x00000000d5580000, 0x00000000d5d00000, 0x0000000100000000)
  eden space 4608K, 100% used [0x00000000d5580000,0x00000000d5a00000,0x00000000d5a00000)
  from space 512K, 92% used [0x00000000d5c80000,0x00000000d5cf6920,0x00000000d5d00000)
  to   space 1024K, 0% used [0x00000000d5b00000,0x00000000d5b00000,0x00000000d5c00000)
 ParOldGen       total 1174528K, used 1174261K [0x0000000080000000, 0x00000000c7b00000, 0x00000000d5580000)
  object space 1174528K, 99% used [0x0000000080000000,0x00000000c7abd530,0x00000000c7b00000)
 Metaspace       used 78203K, committed 79808K, reserved 1179648K
  class space    used 8330K, committed 9024K, reserved 1048576K
}
Event: 939.279 GC heap after
{Heap after GC invocations=1570 (full 3):
 PSYoungGen      total 5632K, used 244K [0x00000000d5580000, 0x00000000d5d00000, 0x0000000100000000)
  eden space 4608K, 0% used [0x00000000d5580000,0x00000000d5580000,0x00000000d5a00000)
  from space 1024K, 23% used [0x00000000d5b00000,0x00000000d5b3d200,0x00000000d5c00000)
  to   space 512K, 0% used [0x00000000d5c80000,0x00000000d5c80000,0x00000000d5d00000)
 ParOldGen       total 1175040K, used 1174625K [0x0000000080000000, 0x00000000c7b80000, 0x00000000d5580000)
  object space 1175040K, 99% used [0x0000000080000000,0x00000000c7b18760,0x00000000c7b80000)
 Metaspace       used 78203K, committed 79808K, reserved 1179648K
  class space    used 8330K, committed 9024K, reserved 1048576K
}

Dll operation events (14 events):
Event: 0.022 Loaded shared library c:\Users\aidal\.vscode\extensions\redhat.java-1.50.0-win32-x64\jre\21.0.9-win32-x86_64\bin\java.dll
Event: 0.193 Loaded shared library c:\Users\aidal\.vscode\extensions\redhat.java-1.50.0-win32-x64\jre\21.0.9-win32-x86_64\bin\zip.dll
Event: 0.246 Loaded shared library C:\Users\aidal\.vscode\extensions\redhat.java-1.50.0-win32-x64\jre\21.0.9-win32-x86_64\bin\instrument.dll
Event: 0.362 Loaded shared library C:\Users\aidal\.vscode\extensions\redhat.java-1.50.0-win32-x64\jre\21.0.9-win32-x86_64\bin\net.dll
Event: 0.479 Loaded shared library C:\Users\aidal\.vscode\extensions\redhat.java-1.50.0-win32-x64\jre\21.0.9-win32-x86_64\bin\nio.dll
Event: 0.487 Loaded shared library C:\Users\aidal\.vscode\extensions\redhat.java-1.50.0-win32-x64\jre\21.0.9-win32-x86_64\bin\zip.dll
Event: 0.549 Loaded shared library C:\Users\aidal\.vscode\extensions\redhat.java-1.50.0-win32-x64\jre\21.0.9-win32-x86_64\bin\jimage.dll
Event: 0.809 Loaded shared library c:\Users\aidal\.vscode\extensions\redhat.java-1.50.0-win32-x64\jre\21.0.9-win32-x86_64\bin\verify.dll
Event: 13.017 Loaded shared library C:\Users\aidal\AppData\Roaming\Code\User\globalStorage\redhat.java\1.50.0\config_win\org.eclipse.equinox.launcher\org.eclipse.equinox.launcher.win32.win32.x86_64_1.2.1400.v20250801-0854\eclipse_11916.dll
Event: 31.184 Loaded shared library C:\Users\aidal\.vscode\extensions\redhat.java-1.50.0-win32-x64\jre\21.0.9-win32-x86_64\bin\management.dll
Event: 31.190 Loaded shared library C:\Users\aidal\.vscode\extensions\redhat.java-1.50.0-win32-x64\jre\21.0.9-win32-x86_64\bin\management_ext.dll
Event: 34.175 Loaded shared library C:\Users\aidal\AppData\Local\Temp\jna-92808807\jna9523515303937012803.dll
Event: 34.695 Loaded shared library C:\Users\aidal\.vscode\extensions\redhat.java-1.50.0-win32-x64\jre\21.0.9-win32-x86_64\bin\sunmscapi.dll
Event: 35.615 Loaded shared library C:\Users\aidal\.vscode\extensions\redhat.java-1.50.0-win32-x64\jre\21.0.9-win32-x86_64\bin\extnet.dll

Deoptimization events (20 events):
Event: 937.687 Thread 0x00000278f6f38cc0 Uncommon trap: trap_request=0xffffffbe fr.pc=0x00000278e039d8c0 relative=0x00000000000002a0
Event: 937.687 Thread 0x00000278f6f38cc0 Uncommon trap: reason=profile_predicate action=maybe_recompile pc=0x00000278e039d8c0 method=sun.security.provider.HashDrbg.addBytes([BI[[B)V @ 36 c2
Event: 937.687 Thread 0x00000278f6f38cc0 DEOPT PACKING pc=0x00000278e039d8c0 sp=0x000000faa4ffeba0
Event: 937.687 Thread 0x00000278f6f38cc0 DEOPT UNPACKING pc=0x00000278df126da2 sp=0x000000faa4ffeaf0 mode 2
Event: 937.811 Thread 0x00000278f6f38cc0 Uncommon trap: trap_request=0xffffffbe fr.pc=0x00000278e039d8c0 relative=0x00000000000002a0
Event: 937.811 Thread 0x00000278f6f38cc0 Uncommon trap: reason=profile_predicate action=maybe_recompile pc=0x00000278e039d8c0 method=sun.security.provider.HashDrbg.addBytes([BI[[B)V @ 36 c2
Event: 937.811 Thread 0x00000278f6f38cc0 DEOPT PACKING pc=0x00000278e039d8c0 sp=0x000000faa4ffeba0
Event: 937.811 Thread 0x00000278f6f38cc0 DEOPT UNPACKING pc=0x00000278df126da2 sp=0x000000faa4ffeaf0 mode 2
Event: 938.067 Thread 0x00000278f6f36560 Uncommon trap: trap_request=0xffffffbe fr.pc=0x00000278e039d8c0 relative=0x00000000000002a0
Event: 938.067 Thread 0x00000278f6f36560 Uncommon trap: reason=profile_predicate action=maybe_recompile pc=0x00000278e039d8c0 method=sun.security.provider.HashDrbg.addBytes([BI[[B)V @ 36 c2
Event: 938.067 Thread 0x00000278f6f36560 DEOPT PACKING pc=0x00000278e039d8c0 sp=0x000000faa53fea60
Event: 938.067 Thread 0x00000278f6f36560 DEOPT UNPACKING pc=0x00000278df126da2 sp=0x000000faa53fe9b0 mode 2
Event: 938.286 Thread 0x00000278f6f3c7d0 DEOPT PACKING pc=0x00000278d9ab3061 sp=0x000000faa54fd750
Event: 938.287 Thread 0x00000278f6f3c7d0 DEOPT UNPACKING pc=0x00000278df1278e2 sp=0x000000faa54fcc80 mode 0
Event: 938.813 Thread 0x00000278f6f3c7d0 DEOPT PACKING pc=0x00000278d9ab3061 sp=0x000000faa54fd6c0
Event: 938.813 Thread 0x00000278f6f3c7d0 DEOPT UNPACKING pc=0x00000278df1278e2 sp=0x000000faa54fcbf0 mode 0
Event: 938.827 Thread 0x00000278f6f3c7d0 Uncommon trap: trap_request=0xffffffde fr.pc=0x00000278dfda1d98 relative=0x0000000000000078
Event: 938.827 Thread 0x00000278f6f3c7d0 Uncommon trap: reason=class_check action=maybe_recompile pc=0x00000278dfda1d98 method=java.util.LinkedHashMap.afterNodeInsertion(Z)V @ 15 c2
Event: 938.827 Thread 0x00000278f6f3c7d0 DEOPT PACKING pc=0x00000278dfda1d98 sp=0x000000faa54fe810
Event: 938.827 Thread 0x00000278f6f3c7d0 DEOPT UNPACKING pc=0x00000278df126da2 sp=0x000000faa54fe788 mode 2

Classes loaded (20 events):
Event: 851.145 Loading class jdk/internal/event/SecurityPropertyModificationEvent
Event: 851.147 Loading class jdk/internal/event/SecurityPropertyModificationEvent done
Event: 864.317 Loading class jdk/internal/module/IllegalAccessLogger
Event: 864.317 Loading class jdk/internal/module/IllegalAccessLogger done
Event: 865.687 Loading class jdk/internal/ref/CleanerImpl$InnocuousThreadFactory
Event: 865.688 Loading class jdk/internal/ref/CleanerImpl$InnocuousThreadFactory done
Event: 879.048 Loading class jdk/internal/module/IllegalAccessLogger
Event: 879.048 Loading class jdk/internal/module/IllegalAccessLogger done
Event: 935.263 Loading class java/util/stream/ReduceOps$5
Event: 935.264 Loading class java/util/stream/ReduceOps$5 done
Event: 935.264 Loading class java/util/stream/ReduceOps$CountingSink$OfRef
Event: 935.264 Loading class java/util/stream/ReduceOps$CountingSink
Event: 935.264 Loading class java/util/stream/ReduceOps$CountingSink done
Event: 935.264 Loading class java/util/stream/ReduceOps$CountingSink$OfRef done
Event: 935.477 Loading class jdk/internal/module/IllegalAccessLogger
Event: 935.477 Loading class jdk/internal/module/IllegalAccessLogger done
Event: 935.700 Loading class java/nio/BufferMismatch
Event: 935.705 Loading class java/nio/BufferMismatch done
Event: 938.072 Loading class jdk/internal/module/IllegalAccessLogger
Event: 938.072 Loading class jdk/internal/module/IllegalAccessLogger done

Classes unloaded (11 events):
Event: 32.499 Thread 0x00000278eba434b0 Unloading class 0x00000278811a8c00 'java/lang/invoke/LambdaForm$MH+0x00000278811a8c00'
Event: 32.499 Thread 0x00000278eba434b0 Unloading class 0x00000278811a8800 'java/lang/invoke/LambdaForm$MH+0x00000278811a8800'
Event: 32.499 Thread 0x00000278eba434b0 Unloading class 0x00000278811a8400 'java/lang/invoke/LambdaForm$MH+0x00000278811a8400'
Event: 32.499 Thread 0x00000278eba434b0 Unloading class 0x00000278811a8000 'java/lang/invoke/LambdaForm$MH+0x00000278811a8000'
Event: 32.499 Thread 0x00000278eba434b0 Unloading class 0x00000278811a7c00 'java/lang/invoke/LambdaForm$BMH+0x00000278811a7c00'
Event: 32.499 Thread 0x00000278eba434b0 Unloading class 0x00000278811a7800 'java/lang/invoke/LambdaForm$DMH+0x00000278811a7800'
Event: 32.499 Thread 0x00000278eba434b0 Unloading class 0x00000278811a6400 'java/lang/invoke/LambdaForm$DMH+0x00000278811a6400'
Event: 34.730 Thread 0x00000278eba434b0 Unloading class 0x00000278812f0400 'java/lang/invoke/LambdaForm$MH+0x00000278812f0400'
Event: 34.730 Thread 0x00000278eba434b0 Unloading class 0x00000278812ef400 'java/lang/invoke/LambdaForm$MH+0x00000278812ef400'
Event: 57.016 Thread 0x00000278eba434b0 Unloading class 0x0000027881691800 'java/lang/invoke/LambdaForm$DMH+0x0000027881691800'
Event: 57.016 Thread 0x00000278eba434b0 Unloading class 0x0000027881691000 'java/lang/invoke/LambdaForm$DMH+0x0000027881691000'

Classes redefined (0 events):
No events

Internal exceptions (20 events):
Event: 878.573 Thread 0x00000278f6f38cc0 Exception <a 'sun/nio/fs/WindowsException'{0x00000000d566a340}> (0x00000000d566a340) 
thrown [s\src\hotspot\share\prims\jni.cpp, line 520]
Event: 878.573 Thread 0x00000278f6f38cc0 Exception <a 'sun/nio/fs/WindowsException'{0x00000000d566ae80}> (0x00000000d566ae80) 
thrown [s\src\hotspot\share\prims\jni.cpp, line 520]
Event: 878.589 Thread 0x00000278ed6e1eb0 Exception <a 'sun/nio/fs/WindowsException'{0x00000000d575fa80}> (0x00000000d575fa80) 
thrown [s\src\hotspot\share\prims\jni.cpp, line 520]
Event: 879.377 Thread 0x00000278ed6e1eb0 Exception <a 'sun/nio/fs/WindowsException'{0x00000000d59769a0}> (0x00000000d59769a0) 
thrown [s\src\hotspot\share\prims\jni.cpp, line 520]
Event: 879.968 Thread 0x00000278f6f3c7d0 Exception <a 'java/lang/ArrayIndexOutOfBoundsException'{0x00000000d5994e70}: Index 97 out of bounds for length 96> (0x00000000d5994e70) 
thrown [s\src\hotspot\share\interpreter\interpreterRuntime.cpp, line 439]
Event: 935.138 Thread 0x00000278f7177b30 Exception <a 'java/lang/IncompatibleClassChangeError'{0x00000000d592d8e8}: Found class java.lang.Object, but interface was expected> (0x00000000d592d8e8) 
thrown [s\src\hotspot\share\interpreter\linkResolver.cpp, line 840]
Event: 935.140 Thread 0x00000278f7177b30 Exception <a 'java/lang/IncompatibleClassChangeError'{0x00000000d59319e0}: Found class java.lang.Object, but interface was expected> (0x00000000d59319e0) 
thrown [s\src\hotspot\share\interpreter\linkResolver.cpp, line 840]
Event: 935.261 Thread 0x00000278ed6e1eb0 Exception <a 'sun/nio/fs/WindowsException'{0x00000000d55a6ce0}> (0x00000000d55a6ce0) 
thrown [s\src\hotspot\share\prims\jni.cpp, line 520]
Event: 935.351 Thread 0x00000278f6f39350 Exception <a 'sun/nio/fs/WindowsException'{0x00000000d5887ff8}> (0x00000000d5887ff8) 
thrown [s\src\hotspot\share\prims\jni.cpp, line 520]
Event: 935.351 Thread 0x00000278f6f39350 Exception <a 'sun/nio/fs/WindowsException'{0x00000000d58888e0}> (0x00000000d58888e0) 
thrown [s\src\hotspot\share\prims\jni.cpp, line 520]
Event: 935.368 Thread 0x00000278f6f39350 Exception <a 'sun/nio/fs/WindowsException'{0x00000000d56b48b8}> (0x00000000d56b48b8) 
thrown [s\src\hotspot\share\prims\jni.cpp, line 520]
Event: 935.368 Thread 0x00000278f6f39350 Exception <a 'sun/nio/fs/WindowsException'{0x00000000d56b5180}> (0x00000000d56b5180) 
thrown [s\src\hotspot\share\prims\jni.cpp, line 520]
Event: 935.711 Thread 0x00000278ed6e1eb0 Exception <a 'sun/nio/fs/WindowsException'{0x00000000d559a340}> (0x00000000d559a340) 
thrown [s\src\hotspot\share\prims\jni.cpp, line 520]
Event: 937.683 Thread 0x00000278ed6e1eb0 Exception <a 'sun/nio/fs/WindowsException'{0x00000000d55af180}> (0x00000000d55af180) 
thrown [s\src\hotspot\share\prims\jni.cpp, line 520]
Event: 937.815 Thread 0x00000278f6f38cc0 Exception <a 'sun/nio/fs/WindowsException'{0x00000000d57d37d0}> (0x00000000d57d37d0) 
thrown [s\src\hotspot\share\prims\jni.cpp, line 520]
Event: 937.816 Thread 0x00000278f6f38cc0 Exception <a 'sun/nio/fs/WindowsException'{0x00000000d57d42e8}> (0x00000000d57d42e8) 
thrown [s\src\hotspot\share\prims\jni.cpp, line 520]
Event: 937.857 Thread 0x00000278f6f38cc0 Exception <a 'sun/nio/fs/WindowsException'{0x00000000d5625140}> (0x00000000d5625140) 
thrown [s\src\hotspot\share\prims\jni.cpp, line 520]
Event: 937.857 Thread 0x00000278f6f38cc0 Exception <a 'sun/nio/fs/WindowsException'{0x00000000d56379b8}> (0x00000000d56379b8) 
thrown [s\src\hotspot\share\prims\jni.cpp, line 520]
Event: 938.263 Thread 0x00000278ed6e1eb0 Exception <a 'sun/nio/fs/WindowsException'{0x00000000d569ae30}> (0x00000000d569ae30) 
thrown [s\src\hotspot\share\prims\jni.cpp, line 520]
Event: 938.804 Thread 0x00000278f6f3bab0 Exception <a 'java/lang/ArrayIndexOutOfBoundsException'{0x00000000d5742978}: Index 85 out of bounds for length 84> (0x00000000d5742978) 
thrown [s\src\hotspot\share\interpreter\interpreterRuntime.cpp, line 439]

ZGC Phase Switch (0 events):
No events

VM Operations (20 events):
Event: 938.031 Executing VM operation: ParallelGCFailedAllocation (Allocation Failure)
Event: 938.036 Executing VM operation: ParallelGCFailedAllocation (Allocation Failure) done
Event: 938.041 Executing VM operation: ParallelGCFailedAllocation (Allocation Failure)
Event: 938.056 Executing VM operation: ParallelGCFailedAllocation (Allocation Failure) done
Event: 938.062 Executing VM operation: ParallelGCFailedAllocation (Allocation Failure)
Event: 938.066 Executing VM operation: ParallelGCFailedAllocation (Allocation Failure) done
Event: 938.087 Executing VM operation: ParallelGCFailedAllocation (Allocation Failure)
Event: 938.091 Executing VM operation: ParallelGCFailedAllocation (Allocation Failure) done
Event: 938.116 Executing VM operation: ParallelGCFailedAllocation (Allocation Failure)
Event: 938.119 Executing VM operation: ParallelGCFailedAllocation (Allocation Failure) done
Event: 938.150 Executing VM operation: ParallelGCFailedAllocation (Allocation Failure)
Event: 938.170 Executing VM operation: ParallelGCFailedAllocation (Allocation Failure) done
Event: 938.276 Executing VM operation: ParallelGCFailedAllocation (Allocation Failure)
Event: 938.280 Executing VM operation: ParallelGCFailedAllocation (Allocation Failure) done
Event: 938.813 Executing VM operation: ParallelGCFailedAllocation (Allocation Failure)
Event: 938.817 Executing VM operation: ParallelGCFailedAllocation (Allocation Failure) done
Event: 939.275 Executing VM operation: ParallelGCFailedAllocation (Allocation Failure)
Event: 939.279 Executing VM operation: ParallelGCFailedAllocation (Allocation Failure) done
Event: 940.289 Executing VM operation: Cleanup
Event: 940.289 Executing VM operation: Cleanup done

Memory protections (0 events):
No events

Nmethod flushes (20 events):
Event: 57.041 Thread 0x00000278eba434b0 flushing  nmethod 0x00000278d842f890
Event: 57.041 Thread 0x00000278eba434b0 flushing  nmethod 0x00000278d8435d90
Event: 57.041 Thread 0x00000278eba434b0 flushing  nmethod 0x00000278d8437210
Event: 57.041 Thread 0x00000278eba434b0 flushing  nmethod 0x00000278d8437610
Event: 57.041 Thread 0x00000278eba434b0 flushing  nmethod 0x00000278d8438b90
Event: 57.041 Thread 0x00000278eba434b0 flushing  nmethod 0x00000278d8438f90
Event: 57.041 Thread 0x00000278eba434b0 flushing  nmethod 0x00000278d843a610
Event: 57.041 Thread 0x00000278eba434b0 flushing  nmethod 0x00000278d843ad10
Event: 57.041 Thread 0x00000278eba434b0 flushing  nmethod 0x00000278d8441c10
Event: 57.041 Thread 0x00000278eba434b0 flushing  nmethod 0x00000278d8442010
Event: 57.041 Thread 0x00000278eba434b0 flushing  nmethod 0x00000278d8443290
Event: 57.041 Thread 0x00000278eba434b0 flushing  nmethod 0x00000278d8443710
Event: 57.041 Thread 0x00000278eba434b0 flushing  nmethod 0x00000278d8443d10
Event: 57.041 Thread 0x00000278eba434b0 flushing  nmethod 0x00000278d8444110
Event: 57.041 Thread 0x00000278eba434b0 flushing  nmethod 0x00000278d8459f90
Event: 57.041 Thread 0x00000278eba434b0 flushing  nmethod 0x00000278d8466390
Event: 57.041 Thread 0x00000278eba434b0 flushing  nmethod 0x00000278d848be10
Event: 57.041 Thread 0x00000278eba434b0 flushing  nmethod 0x00000278d848de10
Event: 57.041 Thread 0x00000278eba434b0 flushing  nmethod 0x00000278d84a0e10
Event: 57.041 Thread 0x00000278eba434b0 flushing  nmethod 0x00000278d84af810

Events (20 events):
Event: 864.174 Thread 0x00000278ed6e0470 Thread added: 0x00000278f6f37fa0
Event: 864.222 Thread 0x00000278eba51af0 Thread added: 0x00000278f54b6040
Event: 864.314 Thread 0x00000278f6f36560 Thread added: 0x00000278f6f39350
Event: 864.740 Thread 0x00000278eba62780 Thread added: 0x00000278f54bb200
Event: 865.192 Thread 0x00000278f54bb200 Thread exited: 0x00000278f54bb200
Event: 865.227 Thread 0x00000278f54b6040 Thread exited: 0x00000278f54b6040
Event: 865.299 Thread 0x00000278eba51af0 Thread added: 0x00000278f54bcd40
Event: 865.325 Thread 0x00000278eba62780 Thread added: 0x00000278f54b7b80
Event: 865.688 Thread 0x00000278f6f37280 Thread added: 0x00000278f6f399e0
Event: 866.374 Thread 0x00000278f54b7b80 Thread exited: 0x00000278f54b7b80
Event: 866.375 Thread 0x00000278f54bcd40 Thread exited: 0x00000278f54bcd40
Event: 878.838 Thread 0x00000278f6f38cc0 Thread added: 0x00000278f6f38630
Event: 879.123 Thread 0x00000278eba62780 Thread added: 0x00000278f54b7b80
Event: 879.824 Thread 0x00000278f54b7b80 Thread exited: 0x00000278f54b7b80
Event: 880.417 Thread 0x00000278eba62780 Thread added: 0x00000278f54b6040
Event: 881.771 Thread 0x00000278f54b6040 Thread exited: 0x00000278f54b6040
Event: 935.421 Thread 0x00000278f6f39350 Thread added: 0x00000278f6f3a700
Event: 937.935 Thread 0x00000278f6f38cc0 Thread added: 0x00000278f47d6990
Event: 938.385 Thread 0x00000278eba51af0 Thread added: 0x00000278f54b9d90
Event: 938.605 Thread 0x00000278f54b9d90 Thread exited: 0x00000278f54b9d90


Dynamic libraries:
0x00007ff778460000 - 0x00007ff77846e000 	c:\Users\aidal\.vscode\extensions\redhat.java-1.50.0-win32-x64\jre\21.0.9-win32-x86_64\bin\java.exe
0x00007ff9d1d10000 - 0x00007ff9d1f28000 	C:\WINDOWS\SYSTEM32\ntdll.dll
0x00007ff9cffd0000 - 0x00007ff9d0094000 	C:\WINDOWS\System32\KERNEL32.DLL
0x00007ff9cf130000 - 0x00007ff9cf503000 	C:\WINDOWS\System32\KERNELBASE.dll
0x00007ff9cf510000 - 0x00007ff9cf621000 	C:\WINDOWS\System32\ucrtbase.dll
0x00007ff98eb90000 - 0x00007ff98eba8000 	c:\Users\aidal\.vscode\extensions\redhat.java-1.50.0-win32-x64\jre\21.0.9-win32-x86_64\bin\jli.dll
0x00007ff9d1190000 - 0x00007ff9d1342000 	C:\WINDOWS\System32\USER32.dll
0x00007ff9cf080000 - 0x00007ff9cf0a6000 	C:\WINDOWS\System32\win32u.dll
0x00007ff9987a0000 - 0x00007ff9987be000 	c:\Users\aidal\.vscode\extensions\redhat.java-1.50.0-win32-x64\jre\21.0.9-win32-x86_64\bin\VCRUNTIME140.dll
0x00007ff9d18e0000 - 0x00007ff9d1909000 	C:\WINDOWS\System32\GDI32.dll
0x00007ff9cee10000 - 0x00007ff9cef33000 	C:\WINDOWS\System32\gdi32full.dll
0x00007ff9cf910000 - 0x00007ff9cf9aa000 	C:\WINDOWS\System32\msvcp_win.dll
0x00007ff9b8500000 - 0x00007ff9b879c000 	C:\WINDOWS\WinSxS\amd64_microsoft.windows.common-controls_6595b64144ccf1df_6.0.22621.6060_none_2712eda17382d24b\COMCTL32.dll
0x00007ff9cf9b0000 - 0x00007ff9cfa57000 	C:\WINDOWS\System32\msvcrt.dll
0x00007ff9d0120000 - 0x00007ff9d0151000 	C:\WINDOWS\System32\IMM32.DLL
0x00007ff9c9a30000 - 0x00007ff9c9a3c000 	c:\Users\aidal\.vscode\extensions\redhat.java-1.50.0-win32-x64\jre\21.0.9-win32-x86_64\bin\vcruntime140_1.dll
0x00007ff946610000 - 0x00007ff94669d000 	c:\Users\aidal\.vscode\extensions\redhat.java-1.50.0-win32-x64\jre\21.0.9-win32-x86_64\bin\msvcp140.dll
0x00007ff9176d0000 - 0x00007ff918470000 	c:\Users\aidal\.vscode\extensions\redhat.java-1.50.0-win32-x64\jre\21.0.9-win32-x86_64\bin\server\jvm.dll
0x00007ff9d1b90000 - 0x00007ff9d1c41000 	C:\WINDOWS\System32\ADVAPI32.dll
0x00007ff9d0e50000 - 0x00007ff9d0ef8000 	C:\WINDOWS\System32\sechost.dll
0x00007ff9cf770000 - 0x00007ff9cf798000 	C:\WINDOWS\System32\bcrypt.dll
0x00007ff9d0160000 - 0x00007ff9d0278000 	C:\WINDOWS\System32\RPCRT4.dll
0x00007ff9d00a0000 - 0x00007ff9d0111000 	C:\WINDOWS\System32\WS2_32.dll
0x00007ff9ce130000 - 0x00007ff9ce17d000 	C:\WINDOWS\SYSTEM32\POWRPROF.dll
0x00007ff9c9980000 - 0x00007ff9c998a000 	C:\WINDOWS\SYSTEM32\VERSION.dll
0x00007ff9c9940000 - 0x00007ff9c9974000 	C:\WINDOWS\SYSTEM32\WINMM.dll
0x00007ff9ce0e0000 - 0x00007ff9ce0f3000 	C:\WINDOWS\SYSTEM32\UMPDC.dll
0x00007ff9cde10000 - 0x00007ff9cde28000 	C:\WINDOWS\SYSTEM32\kernel.appcore.dll
0x00007ff9b70c0000 - 0x00007ff9b70ca000 	c:\Users\aidal\.vscode\extensions\redhat.java-1.50.0-win32-x64\jre\21.0.9-win32-x86_64\bin\jimage.dll
0x00007ff9cc7b0000 - 0x00007ff9cc9e3000 	C:\WINDOWS\SYSTEM32\DBGHELP.DLL
0x00007ff9cfa60000 - 0x00007ff9cfdf2000 	C:\WINDOWS\System32\combase.dll
0x00007ff9d1910000 - 0x00007ff9d19e8000 	C:\WINDOWS\System32\OLEAUT32.dll
0x00007ff9cb750000 - 0x00007ff9cb782000 	C:\WINDOWS\SYSTEM32\dbgcore.DLL
0x00007ff9cf0b0000 - 0x00007ff9cf12b000 	C:\WINDOWS\System32\bcryptPrimitives.dll
0x00007ff9b3eb0000 - 0x00007ff9b3ebf000 	c:\Users\aidal\.vscode\extensions\redhat.java-1.50.0-win32-x64\jre\21.0.9-win32-x86_64\bin\instrument.dll
0x00007ff989b40000 - 0x00007ff989b60000 	c:\Users\aidal\.vscode\extensions\redhat.java-1.50.0-win32-x64\jre\21.0.9-win32-x86_64\bin\java.dll
0x00007ff9d05b0000 - 0x00007ff9d0e4e000 	C:\WINDOWS\System32\SHELL32.dll
0x00007ff9cf630000 - 0x00007ff9cf76f000 	C:\WINDOWS\System32\wintypes.dll
0x00007ff9ccca0000 - 0x00007ff9cd5b8000 	C:\WINDOWS\SYSTEM32\windows.storage.dll
0x00007ff9d02a0000 - 0x00007ff9d03a4000 	C:\WINDOWS\System32\SHCORE.dll
0x00007ff9d0540000 - 0x00007ff9d05a9000 	C:\WINDOWS\System32\shlwapi.dll
0x00007ff9ced40000 - 0x00007ff9ced65000 	C:\WINDOWS\SYSTEM32\profapi.dll
0x00007ff984b30000 - 0x00007ff984b48000 	c:\Users\aidal\.vscode\extensions\redhat.java-1.50.0-win32-x64\jre\21.0.9-win32-x86_64\bin\zip.dll
0x00007ff99cb70000 - 0x00007ff99cb80000 	C:\Users\aidal\.vscode\extensions\redhat.java-1.50.0-win32-x64\jre\21.0.9-win32-x86_64\bin\net.dll
0x00007ff9c9810000 - 0x00007ff9c993c000 	C:\WINDOWS\SYSTEM32\WINHTTP.dll
0x00007ff9ce360000 - 0x00007ff9ce3c9000 	C:\WINDOWS\system32\mswsock.dll
0x00007ff984880000 - 0x00007ff984896000 	C:\Users\aidal\.vscode\extensions\redhat.java-1.50.0-win32-x64\jre\21.0.9-win32-x86_64\bin\nio.dll
0x00007ff98f330000 - 0x00007ff98f340000 	c:\Users\aidal\.vscode\extensions\redhat.java-1.50.0-win32-x64\jre\21.0.9-win32-x86_64\bin\verify.dll
0x00007ff946570000 - 0x00007ff9465b4000 	C:\Users\aidal\AppData\Roaming\Code\User\globalStorage\redhat.java\1.50.0\config_win\org.eclipse.equinox.launcher\org.eclipse.equinox.launcher.win32.win32.x86_64_1.2.1400.v20250801-0854\eclipse_11916.dll
0x00007ff9d19f0000 - 0x00007ff9d1b90000 	C:\WINDOWS\System32\ole32.dll
0x00007ff98e8f0000 - 0x00007ff98e8fa000 	C:\Users\aidal\.vscode\extensions\redhat.java-1.50.0-win32-x64\jre\21.0.9-win32-x86_64\bin\management.dll
0x00007ff98dba0000 - 0x00007ff98dbac000 	C:\Users\aidal\.vscode\extensions\redhat.java-1.50.0-win32-x64\jre\21.0.9-win32-x86_64\bin\management_ext.dll
0x00007ff9d03b0000 - 0x00007ff9d03b8000 	C:\WINDOWS\System32\PSAPI.DLL
0x00007ff9ce5c0000 - 0x00007ff9ce5db000 	C:\WINDOWS\SYSTEM32\CRYPTSP.dll
0x00007ff9cdd00000 - 0x00007ff9cdd37000 	C:\WINDOWS\system32\rsaenh.dll
0x00007ff9ce420000 - 0x00007ff9ce448000 	C:\WINDOWS\SYSTEM32\USERENV.dll
0x00007ff9ce5b0000 - 0x00007ff9ce5bc000 	C:\WINDOWS\SYSTEM32\CRYPTBASE.dll
0x00007ff9cd820000 - 0x00007ff9cd84d000 	C:\WINDOWS\SYSTEM32\IPHLPAPI.DLL
0x00007ff9d0410000 - 0x00007ff9d0419000 	C:\WINDOWS\System32\NSI.dll
0x00007ff945ce0000 - 0x00007ff945d29000 	C:\Users\aidal\AppData\Local\Temp\jna-92808807\jna9523515303937012803.dll
0x00007ff9cadc0000 - 0x00007ff9cadd9000 	C:\WINDOWS\SYSTEM32\dhcpcsvc6.DLL
0x00007ff9c9990000 - 0x00007ff9c99af000 	C:\WINDOWS\SYSTEM32\dhcpcsvc.DLL
0x00007ff98d140000 - 0x00007ff98d14e000 	C:\Users\aidal\.vscode\extensions\redhat.java-1.50.0-win32-x64\jre\21.0.9-win32-x86_64\bin\sunmscapi.dll
0x00007ff9cf7a0000 - 0x00007ff9cf908000 	C:\WINDOWS\System32\CRYPT32.dll
0x00007ff9ce7a0000 - 0x00007ff9ce7ce000 	C:\WINDOWS\SYSTEM32\ncrypt.dll
0x00007ff9ce760000 - 0x00007ff9ce797000 	C:\WINDOWS\SYSTEM32\NTASN1.dll
0x00007ff9cd890000 - 0x00007ff9cd988000 	C:\WINDOWS\SYSTEM32\DNSAPI.dll
0x00007ff9bd380000 - 0x00007ff9bd38a000 	C:\Windows\System32\rasadhlp.dll
0x00007ff9bfc50000 - 0x00007ff9bfcd4000 	C:\WINDOWS\System32\fwpuclnt.dll
0x00007ff98d110000 - 0x00007ff98d119000 	C:\Users\aidal\.vscode\extensions\redhat.java-1.50.0-win32-x64\jre\21.0.9-win32-x86_64\bin\extnet.dll

JVMTI agents:
c:\Users\aidal\.vscode\extensions\redhat.java-1.50.0-win32-x64\lombok\lombok-1.18.39-4050.jar path:c:\Users\aidal\.vscode\extensions\redhat.java-1.50.0-win32-x64\jre\21.0.9-win32-x86_64\bin\instrument.dll, loaded, initialized, instrumentlib options:none

dbghelp: loaded successfully - version: 4.0.5 - missing functions: none
symbol engine: initialized successfully - sym options: 0x614 - pdb path: .;c:\Users\aidal\.vscode\extensions\redhat.java-1.50.0-win32-x64\jre\21.0.9-win32-x86_64\bin;C:\WINDOWS\SYSTEM32;C:\WINDOWS\WinSxS\amd64_microsoft.windows.common-controls_6595b64144ccf1df_6.0.22621.6060_none_2712eda17382d24b;c:\Users\aidal\.vscode\extensions\redhat.java-1.50.0-win32-x64\jre\21.0.9-win32-x86_64\bin\server;C:\Users\aidal\AppData\Roaming\Code\User\globalStorage\redhat.java\1.50.0\config_win\org.eclipse.equinox.launcher\org.eclipse.equinox.launcher.win32.win32.x86_64_1.2.1400.v20250801-0854;C:\Users\aidal\AppData\Local\Temp\jna-92808807

VM Arguments:
jvm_args: --add-modules=ALL-SYSTEM --add-opens=java.base/java.util=ALL-UNNAMED --add-opens=java.base/java.lang=ALL-UNNAMED --add-opens=java.base/sun.nio.fs=ALL-UNNAMED -Declipse.application=org.eclipse.jdt.ls.core.id1 -Dosgi.bundles.defaultStartLevel=4 -Declipse.product=org.eclipse.jdt.ls.core.product -Djava.import.generatesMetadataFilesAtProjectRoot=false -DDetectVMInstallationsJob.disabled=true -Dfile.encoding=utf8 -XX:+UseParallelGC -XX:GCTimeRatio=4 -XX:AdaptiveSizePolicyWeight=90 -Dsun.zip.disableMemoryMapping=true -Xmx2G -Xms100m -Xlog:disable -javaagent:c:\Users\aidal\.vscode\extensions\redhat.java-1.50.0-win32-x64\lombok\lombok-1.18.39-4050.jar -XX:+HeapDumpOnOutOfMemoryError -XX:HeapDumpPath=c:\Users\aidal\AppData\Roaming\Code\User\workspaceStorage\0e74cf298a9772a7ca8b1d4dc1da2cf3\redhat.java -Daether.dependencyCollector.impl=bf 
java_command: c:\Users\aidal\.vscode\extensions\redhat.java-1.50.0-win32-x64\server\plugins\org.eclipse.equinox.launcher_1.7.100.v20251111-0406.jar -configuration c:\Users\aidal\AppData\Roaming\Code\User\globalStorage\redhat.java\1.50.0\config_win -data c:\Users\aidal\AppData\Roaming\Code\User\workspaceStorage\0e74cf298a9772a7ca8b1d4dc1da2cf3\redhat.java\jdt_ws --pipe=\\.\pipe\lsp-a9925b665e4d1c534b606512bfd7c8a9-sock
java_class_path (initial): c:\Users\aidal\.vscode\extensions\redhat.java-1.50.0-win32-x64\server\plugins\org.eclipse.equinox.launcher_1.7.100.v20251111-0406.jar
Launcher Type: SUN_STANDARD

[Global flags]
    uintx AdaptiveSizePolicyWeight                 = 90                                        {product} {command line}
     intx CICompilerCount                          = 4                                         {product} {ergonomic}
    uintx GCTimeRatio                              = 4                                         {product} {command line}
     bool HeapDumpOnOutOfMemoryError               = true                                   {manageable} {command line}
    ccstr HeapDumpPath                             = c:\Users\aidal\AppData\Roaming\Code\User\workspaceStorage\0e74cf298a9772a7ca8b1d4dc1da2cf3\redhat.java         {manageable} {command line}
   size_t InitialHeapSize                          = 104857600                                 {product} {command line}
   size_t MaxHeapSize                              = 2147483648                                {product} {command line}
   size_t MaxNewSize                               = 715653120                                 {product} {ergonomic}
   size_t MinHeapDeltaBytes                        = 524288                                    {product} {ergonomic}
   size_t MinHeapSize                              = 104857600                                 {product} {command line}
   size_t NewSize                                  = 34603008                                  {product} {ergonomic}
    uintx NonNMethodCodeHeapSize                   = 5839372                                {pd product} {ergonomic}
    uintx NonProfiledCodeHeapSize                  = 122909434                              {pd product} {ergonomic}
   size_t OldSize                                  = 70254592                                  {product} {ergonomic}
    uintx ProfiledCodeHeapSize                     = 122909434                              {pd product} {ergonomic}
    uintx ReservedCodeCacheSize                    = 251658240                              {pd product} {ergonomic}
     bool SegmentedCodeCache                       = true                                      {product} {ergonomic}
   size_t SoftMaxHeapSize                          = 2147483648                             {manageable} {ergonomic}
     bool UseCompressedOops                        = true                           {product lp64_product} {ergonomic}
     bool UseLargePagesIndividualAllocation        = false                                  {pd product} {ergonomic}
     bool UseParallelGC                            = true                                      {product} {command line}

Logging:
Log output configuration:
 #0: stdout all=off uptime,level,tags foldmultilines=false
 #1: stderr all=off uptime,level,tags foldmultilines=false

Release file:
JAVA_VERSION="21.0.9" 
MODULES="java.base java.compiler java.datatransfer java.xml java.prefs java.desktop java.instrument java.logging java.management java.security.sasl java.naming java.rmi java.management.rmi java.net.http java.scripting java.security.jgss java.transaction.xa java.sql java.sql.rowset java.xml.crypto java.se java.smartcardio jdk.accessibility jdk.internal.jvmstat jdk.attach jdk.charsets jdk.internal.opt jdk.zipfs jdk.compiler jdk.crypto.ec jdk.crypto.cryptoki jdk.crypto.mscapi jdk.dynalink jdk.internal.ed jdk.editpad jdk.hotspot.agent jdk.httpserver jdk.internal.le jdk.internal.vm.ci jdk.internal.vm.compiler jdk.internal.vm.compiler.management jdk.jartool jdk.javadoc jdk.jcmd jdk.management jdk.management.agent jdk.jconsole jdk.jdeps jdk.jdwp.agent jdk.jdi jdk.jfr jdk.jshell jdk.jsobject jdk.jstatd jdk.localedata jdk.management.jfr jdk.naming.dns jdk.naming.rmi jdk.net jdk.nio.mapmode jdk.random jdk.sctp jdk.security.auth jdk.security.jgss jdk.unsupported jdk.unsupported.desktop jdk.xml.dom" 

Environment Variables:
PATH=C:\Program Files\PlasticSCM5\server;C:\Program Files\PlasticSCM5\client;C:\Program Files\apache-maven-3.9.11\bin;C:\Program Files\Java\jdk-17\bin;C:\Users\aidal\AppData\Local\Programs\Python\Python39;C:\msys64\ucrt64\bin;C:\Windows\system32;C:\Windows;C:\Windows\System32\Wbem;C:\Windows\System32\WindowsPowerShell\v1.0\;C:\Windows\System32\OpenSSH\;C:\Program Files (x86)\NVIDIA Corporation\PhysX\Common;C:\Program Files\NVIDIA Corporation\NVIDIA NvDLISR;C:\WINDOWS\system32;C:\WINDOWS;C:\WINDOWS\System32\Wbem;C:\WINDOWS\System32\WindowsPowerShell\v1.0\;C:\WINDOWS\System32\OpenSSH\;C:\Program Files (x86)\Yarn\bin\;C:\Program Files\dotnet\;C:\Program Files\Git\cmd;C:\php;C:\Program Files\7-Zip;C:\Program Files\Microsoft SQL Server\150\Tools\Binn\;C:\Program Files\Microsoft SQL Server\Client SDK\ODBC\170\Tools\Binn\;C:\python;C:\Program Files\MongoDB\Tools\100\bin;C:\Program Files\Docker\Docker\resources\bin;C:\Program Files\nodejs\;C:\Program Files\k6\;C:\Program Files\Tailscale\;C:\Users\aidal\AppData\Local\Programs\Python\Python39\Scripts\;C:\Users\aidal\AppData\Local\Programs\Python\Python39\;C:\Users\aidal\AppData\Local\Programs\Python\Python313\Scripts\;C:\Users\aidal\AppData\Local\Programs\Python\Python313\;C:\Users\aidal\AppData\Local\Microsoft\WindowsApps;C:\Users\aidal\AppData\Local\Programs\Microsoft VS Code\bin;C:\xampp\mysql\bin;C:\Users\aidal\OneDrive\Escritorio\flutter;C:\src\flutter\bin;C:\Users\aidal\AppData\Local\Yarn\bin;C:\Users\aidal\AppData\Local\Programs\mongosh\;C:\Users\aidal\AppData\Local\GitHubDesktop\bin;C:\Users\aidal\.dotnet\tools;C:\Program Files\OpenSSL-Win64\bin;C:\Program Files\OpenSSH-Win64;C:\Users\aidal\AppData\Local\Google\Cloud SDK\google-cloud-sdk\bin;C:\Users\aidal\AppData\Roaming\npm
USERNAME=aidal
OS=Windows_NT
PROCESSOR_IDENTIFIER=Intel64 Family 6 Model 126 Stepping 5, GenuineIntel
TMP=C:\Users\aidal\AppData\Local\Temp
TEMP=C:\Users\aidal\AppData\Local\Temp




Periodic native trim disabled

---------------  S Y S T E M  ---------------

OS:
 Windows 11 , 64 bit Build 22621 (10.0.22621.5415)
OS uptime: 19 days 20:01 hours
Hyper-V role detected

CPU: total 8 (initial active 8) (4 cores per cpu, 2 threads per core) family 6 model 126 stepping 5 microcode 0xa0, cx8, cmov, fxsr, ht, mmx, 3dnowpref, sse, sse2, sse3, ssse3, sse4.1, sse4.2, popcnt, lzcnt, tsc, tscinvbit, avx, avx2, aes, erms, clmul, bmi1, bmi2, adx, avx512f, avx512dq, avx512cd, avx512bw, avx512vl, sha, fma, vzeroupper, avx512_vpopcntdq, avx512_vpclmulqdq, avx512_vaes, avx512_vnni, clflush, clflushopt, avx512_vbmi2, avx512_vbmi, hv, rdtscp, rdpid, fsrm, gfni, avx512_bitalg, f16c, avx512_ifma
Processor Information for the first 8 processors :
  Max Mhz: 1190, Current Mhz: 991, Mhz Limit: 987

Memory: 4k page, system-wide physical 12030M (1385M free)
TotalPageFile size 18425M (AvailPageFile size 5M)
current process WorkingSet (physical memory assigned to process): 965M, peak: 1079M
current process commit charge ("private bytes"): 1499M, peak: 1503M

vm_info: OpenJDK 64-Bit Server VM (21.0.9+10-LTS) for windows-amd64 JRE (21.0.9+10-LTS), built on 2025-10-21T00:00:00Z by "admin" with unknown MS VC++:1942

END.
